build/app/intermediates/manifest_merge_blame_file/debug/manifest-merger-blame-debug-report.txt
1<?xml version="1.0" encoding="utf-8"?>
2<manifest xmlns:android="http://schemas.android.com/apk/res/android"
3    package="com.cirrusyk.human_resource_management"
4    android:versionCode="1"
5    android:versionName="1.0.0" >
6
7    <uses-sdk
8        android:minSdkVersion="19"
9        android:targetSdkVersion="31" />
10    <!--
11         Flutter needs it to communicate with the running application
12         to allow setting breakpoints, to provide hot reload, etc.
13    -->
14    <uses-permission android:name="android.permission.INTERNET" />
14-->src\debug\AndroidManifest.xml:6:5-66
14-->src\debug\AndroidManifest.xml:6:22-64
15    <uses-permission android:name="android.permission.READ_EXTERNAL_STORAGE" />
15-->[:file_picker] AndroidManifest.xml:7:5-80
15-->[:file_picker] AndroidManifest.xml:7:22-77
16
17    <queries>
17-->[:file_picker] AndroidManifest.xml:9:5-15:15
18        <intent>
18-->[:file_picker] AndroidManifest.xml:10:9-14:18
19            <action android:name="android.intent.action.GET_CONTENT" />
19-->[:file_picker] AndroidManifest.xml:11:13-72
19-->[:file_picker] AndroidManifest.xml:11:21-69
20
21            <data android:mimeType="*/*" />
21-->[:file_picker] AndroidManifest.xml:13:13-44
21-->[:file_picker] AndroidManifest.xml:13:19-41
22        </intent>
23    </queries>
24
25    <uses-permission android:name="android.permission.ACCESS_NETWORK_STATE" />
25-->[com.google.firebase:firebase-auth:21.0.1] AndroidManifest.xml:24:5-79
25-->[com.google.firebase:firebase-auth:21.0.1] AndroidManifest.xml:24:22-76
26    <uses-permission android:name="android.permission.WAKE_LOCK" />
26-->[com.google.android.gms:play-services-measurement-api:20.0.2] AndroidManifest.xml:24:5-68
26-->[com.google.android.gms:play-services-measurement-api:20.0.2] AndroidManifest.xml:24:22-65
27    <uses-permission android:name="com.google.android.finsky.permission.BIND_GET_INSTALL_REFERRER_SERVICE" /> <!-- Include required permissions for Advertising Id -->
27-->[com.google.android.gms:play-services-measurement:20.0.2] AndroidManifest.xml:26:5-110
27-->[com.google.android.gms:play-services-measurement:20.0.2] AndroidManifest.xml:26:22-107
28    <uses-permission android:name="com.google.android.gms.permission.AD_ID" />
28-->[com.google.android.gms:play-services-ads-identifier:18.0.0] AndroidManifest.xml:23:5-79
28-->[com.google.android.gms:play-services-ads-identifier:18.0.0] AndroidManifest.xml:23:22-76
29
30    <application
31        android:name="android.app.Application"
32        android:appComponentFactory="androidx.core.app.CoreComponentFactory"
32-->[androidx.core:core:1.6.0] AndroidManifest.xml:24:18-86
33        android:debuggable="true"
34        android:icon="@mipmap/ic_launcher"
35        android:label="human_resource_management" >
36        <activity
37            android:name="com.hrm.human_resource_management.MainActivity"
38            android:configChanges="orientation|keyboardHidden|keyboard|screenSize|smallestScreenSize|locale|layoutDirection|fontScale|screenLayout|density|uiMode"
39            android:exported="true"
40            android:hardwareAccelerated="true"
41            android:launchMode="singleTop"
42            android:theme="@style/LaunchTheme"
43            android:windowSoftInputMode="adjustResize" >
44
45            <!--
46                 Specifies an Android theme to apply to this Activity as soon as
47                 the Android process has started. This theme is visible to the user
48                 while the Flutter UI initializes. After that, this theme continues
49                 to determine the Window background behind the Flutter UI.
50            -->
51            <meta-data
52                android:name="io.flutter.embedding.android.NormalTheme"
53                android:resource="@style/NormalTheme" />
54
55            <intent-filter>
56                <action android:name="android.intent.action.MAIN" />
57
58                <category android:name="android.intent.category.LAUNCHER" />
59            </intent-filter>
60        </activity>
61        <!--
62             Don't delete the meta-data below.
63             This is used by the Flutter tool to generate GeneratedPluginRegistrant.java
64        -->
65        <meta-data
66            android:name="flutterEmbedding"
67            android:value="2" />
68
69        <service
69-->[:firebase_auth] AndroidManifest.xml:8:9-12:19
70            android:name="com.google.firebase.components.ComponentDiscoveryService"
70-->[:firebase_auth] AndroidManifest.xml:8:18-89
71            android:directBootAware="true"
71-->[com.google.firebase:firebase-common:20.0.0] AndroidManifest.xml:35:13-43
72            android:exported="false" >
72-->[com.google.firebase:firebase-auth:21.0.1] AndroidManifest.xml:76:13-37
73            <meta-data
73-->[:firebase_auth] AndroidManifest.xml:9:13-11:85
74                android:name="com.google.firebase.components:io.flutter.plugins.firebase.auth.FlutterFirebaseAuthRegistrar"
74-->[:firebase_auth] AndroidManifest.xml:10:17-124
75                android:value="com.google.firebase.components.ComponentRegistrar" />
75-->[:firebase_auth] AndroidManifest.xml:11:17-82
76            <meta-data
76-->[:firebase_storage] AndroidManifest.xml:9:13-11:85
77                android:name="com.google.firebase.components:io.flutter.plugins.firebase.storage.FlutterFirebaseAppRegistrar"
77-->[:firebase_storage] AndroidManifest.xml:10:17-126
78                android:value="com.google.firebase.components.ComponentRegistrar" />
78-->[:firebase_storage] AndroidManifest.xml:11:17-82
79            <meta-data
79-->[:cloud_firestore] AndroidManifest.xml:9:13-11:85
80                android:name="com.google.firebase.components:io.flutter.plugins.firebase.firestore.FlutterFirebaseFirestoreRegistrar"
80-->[:cloud_firestore] AndroidManifest.xml:10:17-134
81                android:value="com.google.firebase.components.ComponentRegistrar" />
81-->[:cloud_firestore] AndroidManifest.xml:11:17-82
82            <meta-data
82-->[:firebase_core] AndroidManifest.xml:9:13-11:85
83                android:name="com.google.firebase.components:io.flutter.plugins.firebase.core.FlutterFirebaseCoreRegistrar"
83-->[:firebase_core] AndroidManifest.xml:10:17-124
84                android:value="com.google.firebase.components.ComponentRegistrar" />
84-->[:firebase_core] AndroidManifest.xml:11:17-82
85            <meta-data
85-->[com.google.firebase:firebase-auth:21.0.1] AndroidManifest.xml:77:13-79:85
86                android:name="com.google.firebase.components:com.google.firebase.auth.FirebaseAuthRegistrar"
86-->[com.google.firebase:firebase-auth:21.0.1] AndroidManifest.xml:78:17-109
87                android:value="com.google.firebase.components.ComponentRegistrar" />
87-->[com.google.firebase:firebase-auth:21.0.1] AndroidManifest.xml:79:17-82
88            <meta-data
88-->[com.google.firebase:firebase-firestore:24.0.0] AndroidManifest.xml:20:13-22:85
89                android:name="com.google.firebase.components:com.google.firebase.firestore.FirestoreRegistrar"
89-->[com.google.firebase:firebase-firestore:24.0.0] AndroidManifest.xml:21:17-111
90                android:value="com.google.firebase.components.ComponentRegistrar" />
90-->[com.google.firebase:firebase-firestore:24.0.0] AndroidManifest.xml:22:17-82
91            <meta-data
91-->[com.google.firebase:firebase-storage:20.0.0] AndroidManifest.xml:33:13-35:85
92                android:name="com.google.firebase.components:com.google.firebase.storage.StorageRegistrar"
92-->[com.google.firebase:firebase-storage:20.0.0] AndroidManifest.xml:34:17-107
93                android:value="com.google.firebase.components.ComponentRegistrar" />
93-->[com.google.firebase:firebase-storage:20.0.0] AndroidManifest.xml:35:17-82
94            <meta-data
94-->[com.google.android.gms:play-services-measurement-api:20.0.2] AndroidManifest.xml:30:13-32:85
95                android:name="com.google.firebase.components:com.google.firebase.analytics.connector.internal.AnalyticsConnectorRegistrar"
95-->[com.google.android.gms:play-services-measurement-api:20.0.2] AndroidManifest.xml:31:17-139
96                android:value="com.google.firebase.components.ComponentRegistrar" />
96-->[com.google.android.gms:play-services-measurement-api:20.0.2] AndroidManifest.xml:32:17-82
97            <meta-data
97-->[com.google.firebase:firebase-installations:17.0.0] AndroidManifest.xml:18:13-20:85
98                android:name="com.google.firebase.components:com.google.firebase.installations.FirebaseInstallationsRegistrar"
98-->[com.google.firebase:firebase-installations:17.0.0] AndroidManifest.xml:19:17-127
99                android:value="com.google.firebase.components.ComponentRegistrar" />
99-->[com.google.firebase:firebase-installations:17.0.0] AndroidManifest.xml:20:17-82
100        </service>
101
102        <activity
102-->[com.google.firebase:firebase-auth:21.0.1] AndroidManifest.xml:27:9-44:20
103            android:name="com.google.firebase.auth.internal.GenericIdpActivity"
103-->[com.google.firebase:firebase-auth:21.0.1] AndroidManifest.xml:28:13-80
104            android:excludeFromRecents="true"
104-->[com.google.firebase:firebase-auth:21.0.1] AndroidManifest.xml:29:13-46
105            android:exported="true"
105-->[com.google.firebase:firebase-auth:21.0.1] AndroidManifest.xml:30:13-36
106            android:launchMode="singleTask"
106-->[com.google.firebase:firebase-auth:21.0.1] AndroidManifest.xml:31:13-44
107            android:theme="@android:style/Theme.Translucent.NoTitleBar" >
107-->[com.google.firebase:firebase-auth:21.0.1] AndroidManifest.xml:32:13-72
108            <intent-filter>
108-->[com.google.firebase:firebase-auth:21.0.1] AndroidManifest.xml:33:13-43:29
109                <action android:name="android.intent.action.VIEW" />
109-->[com.google.firebase:firebase-auth:21.0.1] AndroidManifest.xml:34:17-69
109-->[com.google.firebase:firebase-auth:21.0.1] AndroidManifest.xml:34:25-66
110
111                <category android:name="android.intent.category.DEFAULT" />
111-->[com.google.firebase:firebase-auth:21.0.1] AndroidManifest.xml:36:17-76
111-->[com.google.firebase:firebase-auth:21.0.1] AndroidManifest.xml:36:27-73
112                <category android:name="android.intent.category.BROWSABLE" />
112-->[com.google.firebase:firebase-auth:21.0.1] AndroidManifest.xml:37:17-78
112-->[com.google.firebase:firebase-auth:21.0.1] AndroidManifest.xml:37:27-75
113
114                <data
114-->[:file_picker] AndroidManifest.xml:13:13-44
115                    android:host="firebase.auth"
116                    android:path="/"
117                    android:scheme="genericidp" />
118            </intent-filter>
119        </activity>
120        <activity
120-->[com.google.firebase:firebase-auth:21.0.1] AndroidManifest.xml:45:9-62:20
121            android:name="com.google.firebase.auth.internal.RecaptchaActivity"
121-->[com.google.firebase:firebase-auth:21.0.1] AndroidManifest.xml:46:13-79
122            android:excludeFromRecents="true"
122-->[com.google.firebase:firebase-auth:21.0.1] AndroidManifest.xml:47:13-46
123            android:exported="true"
123-->[com.google.firebase:firebase-auth:21.0.1] AndroidManifest.xml:48:13-36
124            android:launchMode="singleTask"
124-->[com.google.firebase:firebase-auth:21.0.1] AndroidManifest.xml:49:13-44
125            android:theme="@android:style/Theme.Translucent.NoTitleBar" >
125-->[com.google.firebase:firebase-auth:21.0.1] AndroidManifest.xml:50:13-72
126            <intent-filter>
126-->[com.google.firebase:firebase-auth:21.0.1] AndroidManifest.xml:51:13-61:29
127                <action android:name="android.intent.action.VIEW" />
127-->[com.google.firebase:firebase-auth:21.0.1] AndroidManifest.xml:34:17-69
127-->[com.google.firebase:firebase-auth:21.0.1] AndroidManifest.xml:34:25-66
128
129                <category android:name="android.intent.category.DEFAULT" />
129-->[com.google.firebase:firebase-auth:21.0.1] AndroidManifest.xml:36:17-76
129-->[com.google.firebase:firebase-auth:21.0.1] AndroidManifest.xml:36:27-73
130                <category android:name="android.intent.category.BROWSABLE" />
130-->[com.google.firebase:firebase-auth:21.0.1] AndroidManifest.xml:37:17-78
130-->[com.google.firebase:firebase-auth:21.0.1] AndroidManifest.xml:37:27-75
131
132                <data
132-->[:file_picker] AndroidManifest.xml:13:13-44
133                    android:host="firebase.auth"
134                    android:path="/"
135                    android:scheme="recaptcha" />
136            </intent-filter>
137        </activity>
138
139        <service
139-->[com.google.firebase:firebase-auth:21.0.1] AndroidManifest.xml:64:9-73:19
140            android:name="com.google.firebase.auth.api.fallback.service.FirebaseAuthFallbackService"
140-->[com.google.firebase:firebase-auth:21.0.1] AndroidManifest.xml:65:13-101
141            android:enabled="true"
141-->[com.google.firebase:firebase-auth:21.0.1] AndroidManifest.xml:66:13-35
142            android:exported="false" >
142-->[com.google.firebase:firebase-auth:21.0.1] AndroidManifest.xml:67:13-37
143            <intent-filter>
143-->[com.google.firebase:firebase-auth:21.0.1] AndroidManifest.xml:68:13-72:29
144                <action android:name="com.google.firebase.auth.api.gms.service.START" />
144-->[com.google.firebase:firebase-auth:21.0.1] AndroidManifest.xml:69:17-89
144-->[com.google.firebase:firebase-auth:21.0.1] AndroidManifest.xml:69:25-86
145
146                <category android:name="android.intent.category.DEFAULT" />
146-->[com.google.firebase:firebase-auth:21.0.1] AndroidManifest.xml:36:17-76
146-->[com.google.firebase:firebase-auth:21.0.1] AndroidManifest.xml:36:27-73
147            </intent-filter>
148        </service>
149
150        <provider
150-->[com.google.firebase:firebase-common:20.0.0] AndroidManifest.xml:26:9-31:39
151            android:name="com.google.firebase.provider.FirebaseInitProvider"
151-->[com.google.firebase:firebase-common:20.0.0] AndroidManifest.xml:27:13-77
152            android:authorities="com.cirrusyk.human_resource_management.firebaseinitprovider"
152-->[com.google.firebase:firebase-common:20.0.0] AndroidManifest.xml:28:13-72
153            android:directBootAware="true"
153-->[com.google.firebase:firebase-common:20.0.0] AndroidManifest.xml:29:13-43
154            android:exported="false"
154-->[com.google.firebase:firebase-common:20.0.0] AndroidManifest.xml:30:13-37
155            android:initOrder="100" />
155-->[com.google.firebase:firebase-common:20.0.0] AndroidManifest.xml:31:13-36
156
157        <activity
157-->[com.google.android.gms:play-services-auth:20.0.1] AndroidManifest.xml:23:9-27:75
158            android:name="com.google.android.gms.auth.api.signin.internal.SignInHubActivity"
158-->[com.google.android.gms:play-services-auth:20.0.1] AndroidManifest.xml:24:13-93
159            android:excludeFromRecents="true"
159-->[com.google.android.gms:play-services-auth:20.0.1] AndroidManifest.xml:25:13-46
160            android:exported="false"
160-->[com.google.android.gms:play-services-auth:20.0.1] AndroidManifest.xml:26:13-37
161            android:theme="@android:style/Theme.Translucent.NoTitleBar" />
161-->[com.google.android.gms:play-services-auth:20.0.1] AndroidManifest.xml:27:13-72
162        <!--
163            Service handling Google Sign-In user revocation. For apps that do not integrate with
164            Google Sign-In, this service will never be started.
165        -->
166        <service
166-->[com.google.android.gms:play-services-auth:20.0.1] AndroidManifest.xml:33:9-37:51
167            android:name="com.google.android.gms.auth.api.signin.RevocationBoundService"
167-->[com.google.android.gms:play-services-auth:20.0.1] AndroidManifest.xml:34:13-89
168            android:exported="true"
168-->[com.google.android.gms:play-services-auth:20.0.1] AndroidManifest.xml:35:13-36
169            android:permission="com.google.android.gms.auth.api.signin.permission.REVOCATION_NOTIFICATION"
169-->[com.google.android.gms:play-services-auth:20.0.1] AndroidManifest.xml:36:13-107
170            android:visibleToInstantApps="true" />
170-->[com.google.android.gms:play-services-auth:20.0.1] AndroidManifest.xml:37:13-48
171
172        <activity
172-->[com.google.android.gms:play-services-base:18.0.1] AndroidManifest.xml:20:9-22:45
173            android:name="com.google.android.gms.common.api.GoogleApiActivity"
173-->[com.google.android.gms:play-services-base:18.0.1] AndroidManifest.xml:20:19-85
174            android:exported="false"
174-->[com.google.android.gms:play-services-base:18.0.1] AndroidManifest.xml:22:19-43
175            android:theme="@android:style/Theme.Translucent.NoTitleBar" />
175-->[com.google.android.gms:play-services-base:18.0.1] AndroidManifest.xml:21:19-78
176
177        <receiver
177-->[com.google.android.gms:play-services-measurement:20.0.2] AndroidManifest.xml:29:9-33:20
178            android:name="com.google.android.gms.measurement.AppMeasurementReceiver"
178-->[com.google.android.gms:play-services-measurement:20.0.2] AndroidManifest.xml:30:13-85
179            android:enabled="true"
179-->[com.google.android.gms:play-services-measurement:20.0.2] AndroidManifest.xml:31:13-35
180            android:exported="false" >
180-->[com.google.android.gms:play-services-measurement:20.0.2] AndroidManifest.xml:32:13-37
181        </receiver>
182
183        <service
183-->[com.google.android.gms:play-services-measurement:20.0.2] AndroidManifest.xml:35:9-38:40
184            android:name="com.google.android.gms.measurement.AppMeasurementService"
184-->[com.google.android.gms:play-services-measurement:20.0.2] AndroidManifest.xml:36:13-84
185            android:enabled="true"
185-->[com.google.android.gms:play-services-measurement:20.0.2] AndroidManifest.xml:37:13-35
186            android:exported="false" />
186-->[com.google.android.gms:play-services-measurement:20.0.2] AndroidManifest.xml:38:13-37
187        <service
187-->[com.google.android.gms:play-services-measurement:20.0.2] AndroidManifest.xml:39:9-43:72
188            android:name="com.google.android.gms.measurement.AppMeasurementJobService"
188-->[com.google.android.gms:play-services-measurement:20.0.2] AndroidManifest.xml:40:13-87
189            android:enabled="true"
189-->[com.google.android.gms:play-services-measurement:20.0.2] AndroidManifest.xml:41:13-35
190            android:exported="false"
190-->[com.google.android.gms:play-services-measurement:20.0.2] AndroidManifest.xml:42:13-37
191            android:permission="android.permission.BIND_JOB_SERVICE" />
191-->[com.google.android.gms:play-services-measurement:20.0.2] AndroidManifest.xml:43:13-69
192
193        <meta-data
193-->[com.google.android.gms:play-services-basement:18.0.0] AndroidManifest.xml:21:9-23:69
194            android:name="com.google.android.gms.version"
194-->[com.google.android.gms:play-services-basement:18.0.0] AndroidManifest.xml:22:13-58
195            android:value="@integer/google_play_services_version" />
195-->[com.google.android.gms:play-services-basement:18.0.0] AndroidManifest.xml:23:13-66
196    </application>
197
198</manifest>